<?xml version="1.0" encoding="UTF-8"?>
<!-- Generated by org.testng.reporters.JUnitXMLReporter -->
<testsuite hostname="ACC" name="Default test" tests="3" failures="0" timestamp="21 Apr 2020 05:32:39 GMT" time="61.95" errors="0">
  <testcase name="containsAllEleTest" time="4.298" classname="com.automationPrograms.FacebookTest.FacebbokSelect"/>
  <testcase name="duplicateTest" time="0.003" classname="com.automationPrograms.FacebookTest.FacebbokSelect"/>
  <testcase name="sortedTest" time="0.008" classname="com.automationPrograms.FacebookTest.FacebbokSelect"/>
</testsuite> <!-- Default test -->
