<?xml version="1.0" encoding="UTF-8"?>
<testng-results skipped="0" failed="0" total="3" passed="3">
  <reporter-output>
  </reporter-output>
  <suite name="Default suite" duration-ms="61950" started-at="2020-04-21T05:31:37Z" finished-at="2020-04-21T05:32:39Z">
    <groups>
    </groups>
    <test name="Default test" duration-ms="61950" started-at="2020-04-21T05:31:37Z" finished-at="2020-04-21T05:32:39Z">
      <class name="com.automationPrograms.FacebookTest.FacebbokSelect">
        <test-method status="PASS" signature="loginTest()[pri:0, instance:com.automationPrograms.FacebookTest.FacebbokSelect@2f7c7260]" name="loginTest" is-config="true" duration-ms="48124" started-at="2020-04-21T11:01:37Z" finished-at="2020-04-21T11:02:26Z">
          <reporter-output>
          </reporter-output>
        </test-method> <!-- loginTest -->
        <test-method status="PASS" signature="containsAllEleTest()[pri:0, instance:com.automationPrograms.FacebookTest.FacebbokSelect@2f7c7260]" name="containsAllEleTest" duration-ms="4298" started-at="2020-04-21T11:02:26Z" finished-at="2020-04-21T11:02:30Z">
          <reporter-output>
          </reporter-output>
        </test-method> <!-- containsAllEleTest -->
        <test-method status="PASS" signature="duplicateTest()[pri:0, instance:com.automationPrograms.FacebookTest.FacebbokSelect@2f7c7260]" name="duplicateTest" duration-ms="3" started-at="2020-04-21T11:02:30Z" finished-at="2020-04-21T11:02:30Z">
          <reporter-output>
          </reporter-output>
        </test-method> <!-- duplicateTest -->
        <test-method status="PASS" signature="sortedTest()[pri:0, instance:com.automationPrograms.FacebookTest.FacebbokSelect@2f7c7260]" name="sortedTest" duration-ms="8" started-at="2020-04-21T11:02:30Z" finished-at="2020-04-21T11:02:30Z">
          <reporter-output>
          </reporter-output>
        </test-method> <!-- sortedTest -->
        <test-method status="PASS" signature="logoutTest()[pri:0, instance:com.automationPrograms.FacebookTest.FacebbokSelect@2f7c7260]" name="logoutTest" is-config="true" duration-ms="9477" started-at="2020-04-21T11:02:30Z" finished-at="2020-04-21T11:02:39Z">
          <reporter-output>
          </reporter-output>
        </test-method> <!-- logoutTest -->
      </class> <!-- com.automationPrograms.FacebookTest.FacebbokSelect -->
    </test> <!-- Default test -->
  </suite> <!-- Default suite -->
</testng-results>
